<?xml version="1.0" encoding="UTF-8"?>
<!-- Generated by org.testng.reporters.JUnitXMLReporter -->
<testsuite ignored="0" hostname="DML-05841" failures="0" tests="0" time="0.028" errors="0" timestamp="11 Jul 2019 07:02:59 GMT">
  <testcase classname="com.wexer.webplayer.BaseSetup" name="@BeforeSuite initiatebrowser" time="0.0">
    <failure type="org.testng.TestNGException" message="
Parameter &amp;apos;browser&amp;apos; is required by BeforeSuite on method initiatebrowser but has not been marked @Optional or defined
in C:\Users\pkapoor\eclipse-workspace\SeleniumLearning\Webplayertestng.xml">
      <![CDATA[org.testng.TestNGException: 
Parameter 'browser' is required by BeforeSuite on method initiatebrowser but has not been marked @Optional or defined
in C:\Users\pkapoor\eclipse-workspace\SeleniumLearning\Webplayertestng.xml
... Removed 17 stack frames]]>
    </failure>
  </testcase> <!-- @BeforeSuite initiatebrowser -->
</testsuite>
